<?xml version="1.0" encoding="UTF-8"?>
<testsuite name="testcase.SelectCard" tests="3" skipped="0" failures="0" errors="0" timestamp="2018-04-02T09:36:34" hostname="VPC005" time="20.809">
  <properties/>
  <testcase name="Select cart screen: back button" classname="testcase.SelectCard" time="7.624"/>
  <testcase name="Select cart screen: next button" classname="testcase.SelectCard" time="6.955"/>
  <testcase name="Select cart screen: next button with no input card's info" classname="testcase.SelectCard" time="6.23"/>
  <system-out><![CDATA[]]></system-out>
  <system-err><![CDATA[]]></system-err>
</testsuite>
