<?xml version="1.0" encoding="UTF-8"?>
<testsuite name="testcase.SelectAddressTest" tests="3" skipped="0" failures="0" errors="0" timestamp="2018-04-03T02:48:31" hostname="VPC005" time="12.137">
  <properties/>
  <testcase name="Select address page: test button go to add new addressee page" classname="testcase.SelectAddressTest" time="4.172"/>
  <testcase name="Select address page: edit addressee" classname="testcase.SelectAddressTest" time="3.95"/>
  <testcase name="Select address page: select another addressee" classname="testcase.SelectAddressTest" time="4.015"/>
  <system-out><![CDATA[]]></system-out>
  <system-err><![CDATA[]]></system-err>
</testsuite>
