<?xml version="1.0" encoding="UTF-8"?>
<testsuite name="testcase.CompleteTest" tests="2" skipped="0" failures="0" errors="0" timestamp="2018-04-03T02:47:15" hostname="VPC005" time="21.606">
  <properties/>
  <testcase name="Complete screen: back to top page" classname="testcase.CompleteTest" time="12.626"/>
  <testcase name="add new credit card" classname="testcase.CompleteTest" time="8.98"/>
  <system-out><![CDATA[]]></system-out>
  <system-err><![CDATA[]]></system-err>
</testsuite>
