<?xml version="1.0" encoding="UTF-8"?>
<testsuite name="testcase.ConfirmTest" tests="2" skipped="0" failures="0" errors="0" timestamp="2018-04-02T04:36:05" hostname="VPC005" time="16.2">
  <properties/>
  <testcase name="Confirm screen: next button" classname="testcase.ConfirmTest" time="9.762"/>
  <testcase name="Confirm screen: back button" classname="testcase.ConfirmTest" time="6.438"/>
  <system-out><![CDATA[]]></system-out>
  <system-err><![CDATA[]]></system-err>
</testsuite>
