<?xml version="1.0" encoding="UTF-8"?>
<testsuite name="testcase.SelectAddressTest" tests="3" skipped="0" failures="0" errors="0" timestamp="2018-04-02T09:36:21" hostname="VPC005" time="12.365">
  <properties/>
  <testcase name="Select address page: test button go to add new addressee page" classname="testcase.SelectAddressTest" time="4.226"/>
  <testcase name="Select address page: edit addressee" classname="testcase.SelectAddressTest" time="4.029"/>
  <testcase name="Select address page: select another addressee" classname="testcase.SelectAddressTest" time="4.11"/>
  <system-out><![CDATA[]]></system-out>
  <system-err><![CDATA[]]></system-err>
</testsuite>
