<?xml version="1.0" encoding="UTF-8"?>
<testsuite name="testcase.DeliveryTest" tests="3" skipped="0" failures="0" errors="0" timestamp="2018-04-02T09:35:46" hostname="VPC005" time="14.56">
  <properties/>
  <testcase name="Delivery screen: check function button" classname="testcase.DeliveryTest" time="6.405"/>
  <testcase name="Delivery screen: select specify addressee for each item" classname="testcase.DeliveryTest" time="3.021"/>
  <testcase name="Delivery screen: don't input year-month-day and time" classname="testcase.DeliveryTest" time="5.134"/>
  <system-out><![CDATA[]]></system-out>
  <system-err><![CDATA[]]></system-err>
</testsuite>
