<?xml version="1.0" encoding="UTF-8"?>
<testsuite name="testcase.CompleteTest" tests="2" skipped="0" failures="0" errors="0" timestamp="2018-04-02T04:35:40" hostname="VPC005" time="23.021">
  <properties/>
  <testcase name="Complete screen: back to top page" classname="testcase.CompleteTest" time="13.688"/>
  <testcase name="add new credit card" classname="testcase.CompleteTest" time="9.332"/>
  <system-out><![CDATA[]]></system-out>
  <system-err><![CDATA[]]></system-err>
</testsuite>
