<?xml version="1.0" encoding="UTF-8"?>
<testsuite name="testcase.ConfirmTest" tests="2" skipped="0" failures="0" errors="0" timestamp="2018-04-03T02:47:37" hostname="VPC005" time="19.107">
  <properties/>
  <testcase name="Confirm screen: next button" classname="testcase.ConfirmTest" time="11.9"/>
  <testcase name="Confirm screen: back button" classname="testcase.ConfirmTest" time="7.207"/>
  <system-out><![CDATA[]]></system-out>
  <system-err><![CDATA[]]></system-err>
</testsuite>
