<?xml version="1.0" encoding="UTF-8"?>
<testsuite name="testcase.CartTest" tests="5" skipped="4" failures="0" errors="0" timestamp="2018-04-02T09:34:48" hostname="VPC005" time="14.241">
  <properties/>
  <testcase name="Cart screen: check back button" classname="testcase.CartTest" time="14.241"/>
  <testcase name="Cart screen: check to go purchase procedure button" classname="testcase.CartTest" time="0.0">
    <skipped/>
  </testcase>
  <testcase name="Cart screen: delete one product in cart when have one product in cart" classname="testcase.CartTest" time="0.0">
    <skipped/>
  </testcase>
  <testcase name="Cart screen: check recalculation" classname="testcase.CartTest" time="0.0">
    <skipped/>
  </testcase>
  <testcase name="test" classname="testcase.CartTest" time="0.0">
    <skipped/>
  </testcase>
  <system-out><![CDATA[]]></system-out>
  <system-err><![CDATA[Apr 02, 2018 4:34:48 PM org.codehaus.groovy.runtime.callsite.PojoMetaMethodSite$PojoCachedMethodSiteNoUnwrap invoke
INFO: Configuring com.athaydes.spockframework.report.SpockReportExtension
Apr 02, 2018 4:34:48 PM org.codehaus.groovy.runtime.callsite.PojoMetaMethodSite$PojoCachedMethodSiteNoUnwrap invoke
INFO: SpockReports config loaded: [com.athaydes.spockframework.report.template.TemplateReportCreator.reportFileExtension:md, com.athaydes.spockframework.report.template.TemplateReportCreator.specTemplateFile:/templateReportCreator/spec-template.md, com.athaydes.spockframework.report.IReportCreator:com.athaydes.spockframework.report.internal.HtmlReportCreator, com.athaydes.spockframework.report.template.TemplateReportCreator.summaryTemplateFile:/templateReportCreator/summary-template.md, com.athaydes.spockframework.report.internal.HtmlReportCreator.summaryReportCss:spock-summary-report.css, com.athaydes.spockframework.report.template.TemplateReportCreator.summaryFileName:summary.md, com.athaydes.spockframework.report.internal.HtmlReportCreator.featureReportCss:spock-feature-report.css, com.athaydes.spockframework.report.hideEmptyBlocks:false, com.athaydes.spockframework.report.outputDir:build/spock-reports]
Apr 02, 2018 4:34:48 PM org.codehaus.groovy.runtime.callsite.PojoMetaMethodSite$PojoCachedMethodSiteNoUnwrap invoke
INFO: Loading settings for reportCreator of type com.athaydes.spockframework.report.internal.HtmlReportCreator
SLF4J: Class path contains multiple SLF4J bindings.
SLF4J: Found binding in [jar:file:/C:/Users/nguyenviet.hung/.gradle/caches/4.3/generated-gradle-jars/gradle-api-4.3.jar!/org/slf4j/impl/StaticLoggerBinder.class]
SLF4J: Found binding in [jar:file:/C:/Users/nguyenviet.hung/.gradle/caches/modules-2/files-2.1/org.slf4j/slf4j-simple/1.7.13/8f0d8b5bf0ff295162360a0a5ebb9c945bd2b685/slf4j-simple-1.7.13.jar!/org/slf4j/impl/StaticLoggerBinder.class]
SLF4J: See http://www.slf4j.org/codes.html#multiple_bindings for an explanation.
SLF4J: Actual binding is of type [org.gradle.internal.logging.slf4j.OutputEventListenerBackedLoggerContext]
Starting ChromeDriver 2.36.540470 (e522d04694c7ebea4ba8821272dbef4f9b818c91) on port 39233
Only local connections are allowed.
Apr 02, 2018 4:34:50 PM org.openqa.selenium.remote.ProtocolHandshake createSession
INFO: Attempting bi-dialect session, assuming Postel's Law holds true on the remote end
Apr 02, 2018 4:34:52 PM org.openqa.selenium.remote.ProtocolHandshake createSession
INFO: Detected dialect: OSS
]]></system-err>
</testsuite>
