<?xml version="1.0" encoding="UTF-8"?>
<testsuite name="testcase.ConfirmTest" tests="2" skipped="0" failures="0" errors="0" timestamp="2018-04-02T09:35:27" hostname="VPC005" time="18.17">
  <properties/>
  <testcase name="Confirm screen: next button" classname="testcase.ConfirmTest" time="11.603"/>
  <testcase name="Confirm screen: back button" classname="testcase.ConfirmTest" time="6.567"/>
  <system-out><![CDATA[]]></system-out>
  <system-err><![CDATA[]]></system-err>
</testsuite>
